<?xml version="1.0" encoding="UTF-8"?>
<testng-results ignored="0" total="1" passed="1" failed="0" skipped="0">
  <reporter-output>
  </reporter-output>
  <suite started-at="2021-01-15T12:59:31Z" name="Default suite" finished-at="2021-01-15T12:59:31Z" duration-ms="80">
    <groups>
    </groups>
    <test started-at="2021-01-15T12:59:31Z" name="Default test" finished-at="2021-01-15T12:59:31Z" duration-ms="80">
      <class name="com.qa.tests.LoginTests">
        <test-method signature="LT()[pri:0, instance:com.qa.tests.LoginTests@3ddc6915]" started-at="2021-01-15T12:59:31Z" name="LT" finished-at="2021-01-15T12:59:31Z" duration-ms="19" status="PASS">
          <reporter-output>
          </reporter-output>
        </test-method> <!-- LT -->
      </class> <!-- com.qa.tests.LoginTests -->
    </test> <!-- Default test -->
  </suite> <!-- Default suite -->
</testng-results>
